[2026-04-09T20:55:50.914Z] [INFO] Scheduled task: Full anatomy rescan (0 */6 * * *)
[2026-04-09T20:55:50.915Z] [INFO] Scheduled task: Consolidate old memory (0 2 * * *)
[2026-04-09T20:55:50.915Z] [INFO] Scheduled task: Token audit report (0 0 * * 1)
[2026-04-09T20:55:50.916Z] [INFO] Scheduled task: Cerebrum reflection (0 3 * * 0)
[2026-04-09T20:55:50.916Z] [INFO] Scheduled task: AI suggestions (0 4 * * 1)
[2026-04-09T20:55:50.917Z] [INFO] File watcher started on .wolf/
[2026-04-09T20:55:50.917Z] [INFO] OpenWolf daemon started
[2026-04-09T20:55:50.917Z] [INFO] Dashboard server listening on port 18791
[2026-04-09T20:55:51.036Z] [INFO] Scheduled task: Full anatomy rescan (0 */6 * * *)
[2026-04-09T20:55:51.036Z] [INFO] Scheduled task: Consolidate old memory (0 2 * * *)
[2026-04-09T20:55:51.037Z] [INFO] Scheduled task: Token audit report (0 0 * * 1)
[2026-04-09T20:55:51.037Z] [INFO] Scheduled task: Cerebrum reflection (0 3 * * 0)
[2026-04-09T20:55:51.037Z] [INFO] Scheduled task: AI suggestions (0 4 * * 1)
[2026-04-09T20:55:51.037Z] [INFO] File watcher started on .wolf/
[2026-04-09T20:55:51.038Z] [INFO] OpenWolf daemon started
[2026-04-09T20:55:51.038Z] [INFO] Dashboard server listening on port 18791
[2026-04-09T20:55:51.150Z] [INFO] Scheduled task: Full anatomy rescan (0 */6 * * *)
[2026-04-09T20:55:51.151Z] [INFO] Scheduled task: Consolidate old memory (0 2 * * *)
[2026-04-09T20:55:51.151Z] [INFO] Scheduled task: Token audit report (0 0 * * 1)
[2026-04-09T20:55:51.151Z] [INFO] Scheduled task: Cerebrum reflection (0 3 * * 0)
[2026-04-09T20:55:51.151Z] [INFO] Scheduled task: AI suggestions (0 4 * * 1)
[2026-04-09T20:55:51.152Z] [INFO] File watcher started on .wolf/
[2026-04-09T20:55:51.152Z] [INFO] OpenWolf daemon started
[2026-04-09T20:55:51.152Z] [INFO] Dashboard server listening on port 18791
[2026-04-09T20:55:51.266Z] [INFO] Scheduled task: Full anatomy rescan (0 */6 * * *)
[2026-04-09T20:55:51.267Z] [INFO] Scheduled task: Consolidate old memory (0 2 * * *)
[2026-04-09T20:55:51.267Z] [INFO] Scheduled task: Token audit report (0 0 * * 1)
[2026-04-09T20:55:51.267Z] [INFO] Scheduled task: Cerebrum reflection (0 3 * * 0)
[2026-04-09T20:55:51.267Z] [INFO] Scheduled task: AI suggestions (0 4 * * 1)
[2026-04-09T20:55:51.268Z] [INFO] File watcher started on .wolf/
[2026-04-09T20:55:51.268Z] [INFO] OpenWolf daemon started
[2026-04-09T20:55:51.268Z] [INFO] Dashboard server listening on port 18791
[2026-04-09T20:55:51.384Z] [INFO] Scheduled task: Full anatomy rescan (0 */6 * * *)
[2026-04-09T20:55:51.384Z] [INFO] Scheduled task: Consolidate old memory (0 2 * * *)
[2026-04-09T20:55:51.385Z] [INFO] Scheduled task: Token audit report (0 0 * * 1)
[2026-04-09T20:55:51.385Z] [INFO] Scheduled task: Cerebrum reflection (0 3 * * 0)
[2026-04-09T20:55:51.385Z] [INFO] Scheduled task: AI suggestions (0 4 * * 1)
[2026-04-09T20:55:51.386Z] [INFO] File watcher started on .wolf/
[2026-04-09T20:55:51.386Z] [INFO] OpenWolf daemon started
[2026-04-09T20:55:51.386Z] [INFO] Dashboard server listening on port 18791
[2026-04-09T20:55:51.500Z] [INFO] Scheduled task: Full anatomy rescan (0 */6 * * *)
[2026-04-09T20:55:51.501Z] [INFO] Scheduled task: Consolidate old memory (0 2 * * *)
[2026-04-09T20:55:51.501Z] [INFO] Scheduled task: Token audit report (0 0 * * 1)
[2026-04-09T20:55:51.501Z] [INFO] Scheduled task: Cerebrum reflection (0 3 * * 0)
[2026-04-09T20:55:51.501Z] [INFO] Scheduled task: AI suggestions (0 4 * * 1)
[2026-04-09T20:55:51.502Z] [INFO] File watcher started on .wolf/
[2026-04-09T20:55:51.502Z] [INFO] OpenWolf daemon started
[2026-04-09T20:55:51.502Z] [INFO] Dashboard server listening on port 18791
[2026-04-09T20:55:51.612Z] [INFO] Scheduled task: Full anatomy rescan (0 */6 * * *)
[2026-04-09T20:55:51.613Z] [INFO] Scheduled task: Consolidate old memory (0 2 * * *)
[2026-04-09T20:55:51.613Z] [INFO] Scheduled task: Token audit report (0 0 * * 1)
[2026-04-09T20:55:51.613Z] [INFO] Scheduled task: Cerebrum reflection (0 3 * * 0)
[2026-04-09T20:55:51.613Z] [INFO] Scheduled task: AI suggestions (0 4 * * 1)
[2026-04-09T20:55:51.614Z] [INFO] File watcher started on .wolf/
[2026-04-09T20:55:51.614Z] [INFO] OpenWolf daemon started
[2026-04-09T20:55:51.614Z] [INFO] Dashboard server listening on port 18791
[2026-04-09T20:55:51.729Z] [INFO] Scheduled task: Full anatomy rescan (0 */6 * * *)
[2026-04-09T20:55:51.729Z] [INFO] Scheduled task: Consolidate old memory (0 2 * * *)
[2026-04-09T20:55:51.729Z] [INFO] Scheduled task: Token audit report (0 0 * * 1)
[2026-04-09T20:55:51.730Z] [INFO] Scheduled task: Cerebrum reflection (0 3 * * 0)
[2026-04-09T20:55:51.730Z] [INFO] Scheduled task: AI suggestions (0 4 * * 1)
[2026-04-09T20:55:51.730Z] [INFO] File watcher started on .wolf/
[2026-04-09T20:55:51.730Z] [INFO] OpenWolf daemon started
[2026-04-09T20:55:51.731Z] [INFO] Dashboard server listening on port 18791
[2026-04-09T20:55:51.843Z] [INFO] Scheduled task: Full anatomy rescan (0 */6 * * *)
[2026-04-09T20:55:51.843Z] [INFO] Scheduled task: Consolidate old memory (0 2 * * *)
[2026-04-09T20:55:51.844Z] [INFO] Scheduled task: Token audit report (0 0 * * 1)
[2026-04-09T20:55:51.844Z] [INFO] Scheduled task: Cerebrum reflection (0 3 * * 0)
[2026-04-09T20:55:51.844Z] [INFO] Scheduled task: AI suggestions (0 4 * * 1)
[2026-04-09T20:55:51.844Z] [INFO] File watcher started on .wolf/
[2026-04-09T20:55:51.845Z] [INFO] OpenWolf daemon started
[2026-04-09T20:55:51.845Z] [INFO] Dashboard server listening on port 18791
[2026-04-09T20:55:51.959Z] [INFO] Scheduled task: Full anatomy rescan (0 */6 * * *)
[2026-04-09T20:55:51.960Z] [INFO] Scheduled task: Consolidate old memory (0 2 * * *)
[2026-04-09T20:55:51.960Z] [INFO] Scheduled task: Token audit report (0 0 * * 1)
[2026-04-09T20:55:51.961Z] [INFO] Scheduled task: Cerebrum reflection (0 3 * * 0)
[2026-04-09T20:55:51.961Z] [INFO] Scheduled task: AI suggestions (0 4 * * 1)
[2026-04-09T20:55:51.961Z] [INFO] File watcher started on .wolf/
[2026-04-09T20:55:51.961Z] [INFO] OpenWolf daemon started
[2026-04-09T20:55:51.962Z] [INFO] Dashboard server listening on port 18791
[2026-04-09T20:55:52.080Z] [INFO] Scheduled task: Full anatomy rescan (0 */6 * * *)
[2026-04-09T20:55:52.080Z] [INFO] Scheduled task: Consolidate old memory (0 2 * * *)
[2026-04-09T20:55:52.081Z] [INFO] Scheduled task: Token audit report (0 0 * * 1)
[2026-04-09T20:55:52.081Z] [INFO] Scheduled task: Cerebrum reflection (0 3 * * 0)
[2026-04-09T20:55:52.081Z] [INFO] Scheduled task: AI suggestions (0 4 * * 1)
[2026-04-09T20:55:52.081Z] [INFO] File watcher started on .wolf/
[2026-04-09T20:55:52.082Z] [INFO] OpenWolf daemon started
[2026-04-09T20:55:52.082Z] [INFO] Dashboard server listening on port 18791
[2026-04-09T20:55:52.197Z] [INFO] Scheduled task: Full anatomy rescan (0 */6 * * *)
[2026-04-09T20:55:52.197Z] [INFO] Scheduled task: Consolidate old memory (0 2 * * *)
[2026-04-09T20:55:52.198Z] [INFO] Scheduled task: Token audit report (0 0 * * 1)
[2026-04-09T20:55:52.198Z] [INFO] Scheduled task: Cerebrum reflection (0 3 * * 0)
[2026-04-09T20:55:52.198Z] [INFO] Scheduled task: AI suggestions (0 4 * * 1)
[2026-04-09T20:55:52.199Z] [INFO] File watcher started on .wolf/
[2026-04-09T20:55:52.199Z] [INFO] OpenWolf daemon started
[2026-04-09T20:55:52.199Z] [INFO] Dashboard server listening on port 18791
[2026-04-09T20:55:52.315Z] [INFO] Scheduled task: Full anatomy rescan (0 */6 * * *)
[2026-04-09T20:55:52.316Z] [INFO] Scheduled task: Consolidate old memory (0 2 * * *)
[2026-04-09T20:55:52.316Z] [INFO] Scheduled task: Token audit report (0 0 * * 1)
[2026-04-09T20:55:52.316Z] [INFO] Scheduled task: Cerebrum reflection (0 3 * * 0)
[2026-04-09T20:55:52.316Z] [INFO] Scheduled task: AI suggestions (0 4 * * 1)
[2026-04-09T20:55:52.317Z] [INFO] File watcher started on .wolf/
[2026-04-09T20:55:52.317Z] [INFO] OpenWolf daemon started
[2026-04-09T20:55:52.317Z] [INFO] Dashboard server listening on port 18791
[2026-04-09T20:55:52.435Z] [INFO] Scheduled task: Full anatomy rescan (0 */6 * * *)
[2026-04-09T20:55:52.436Z] [INFO] Scheduled task: Consolidate old memory (0 2 * * *)
[2026-04-09T20:55:52.436Z] [INFO] Scheduled task: Token audit report (0 0 * * 1)
[2026-04-09T20:55:52.436Z] [INFO] Scheduled task: Cerebrum reflection (0 3 * * 0)
[2026-04-09T20:55:52.436Z] [INFO] Scheduled task: AI suggestions (0 4 * * 1)
[2026-04-09T20:55:52.437Z] [INFO] File watcher started on .wolf/
[2026-04-09T20:55:52.437Z] [INFO] OpenWolf daemon started
[2026-04-09T20:55:52.437Z] [INFO] Dashboard server listening on port 18791
[2026-04-09T20:55:52.553Z] [INFO] Scheduled task: Full anatomy rescan (0 */6 * * *)
[2026-04-09T20:55:52.553Z] [INFO] Scheduled task: Consolidate old memory (0 2 * * *)
[2026-04-09T20:55:52.553Z] [INFO] Scheduled task: Token audit report (0 0 * * 1)
[2026-04-09T20:55:52.554Z] [INFO] Scheduled task: Cerebrum reflection (0 3 * * 0)
[2026-04-09T20:55:52.554Z] [INFO] Scheduled task: AI suggestions (0 4 * * 1)
[2026-04-09T20:55:52.554Z] [INFO] File watcher started on .wolf/
[2026-04-09T20:55:52.554Z] [INFO] OpenWolf daemon started
[2026-04-09T20:55:52.555Z] [INFO] Dashboard server listening on port 18791
[2026-04-09T20:55:52.673Z] [INFO] Scheduled task: Full anatomy rescan (0 */6 * * *)
[2026-04-09T20:55:52.674Z] [INFO] Scheduled task: Consolidate old memory (0 2 * * *)
[2026-04-09T20:55:52.674Z] [INFO] Scheduled task: Token audit report (0 0 * * 1)
[2026-04-09T20:55:52.675Z] [INFO] Scheduled task: Cerebrum reflection (0 3 * * 0)
[2026-04-09T20:55:52.675Z] [INFO] Scheduled task: AI suggestions (0 4 * * 1)
[2026-04-09T20:55:52.675Z] [INFO] File watcher started on .wolf/
[2026-04-09T20:55:52.676Z] [INFO] OpenWolf daemon started
[2026-04-09T20:55:52.676Z] [INFO] Dashboard server listening on port 18791
